<?xml version="1.0" encoding="UTF-8"?>
<!-- Generated by org.testng.reporters.JUnitXMLReporter -->
<testsuite ignored="3" hostname="DESKTOP-PIV2VUG" failures="0" tests="1" name="Default test" time="20.969" errors="0" timestamp="2023-01-08T18:09:43 CET">
  <testcase classname="TestCases.CheckoutTestCases" name="Zadaca1" time="9.792"/>
  <testcase classname="TestCases.CheckoutTestCases" name="zadaca3" time="0.0">
    <ignored/>
  </testcase> <!-- zadaca3 -->
  <testcase classname="TestCases.CheckoutTestCases" name="zadaca2" time="0.0">
    <ignored/>
  </testcase> <!-- zadaca2 -->
  <testcase classname="TestCases.CheckoutTestCases" name="zadaca4" time="0.0">
    <ignored/>
  </testcase> <!-- zadaca4 -->
</testsuite> <!-- Default test -->
