<?xml version="1.0" encoding="UTF-8"?>
<testng-results ignored="3" total="4" passed="1" failed="0" skipped="0">
  <reporter-output>
  </reporter-output>
  <suite started-at="2023-01-08T18:09:22 CET" name="Default suite" finished-at="2023-01-08T18:09:43 CET" duration-ms="20969">
    <groups>
    </groups>
    <test started-at="2023-01-08T18:09:22 CET" name="Default test" finished-at="2023-01-08T18:09:43 CET" duration-ms="20969">
      <class name="TestCases.CheckoutTestCases">
        <test-method is-config="true" signature="start()[pri:0, instance:TestCases.CheckoutTestCases@19bb07ed]" started-at="2023-01-08T18:09:22 CET" name="start" finished-at="2023-01-08T18:09:32 CET" duration-ms="9591" status="PASS">
          <reporter-output>
          </reporter-output>
        </test-method> <!-- start -->
        <test-method signature="Zadaca1()[pri:0, instance:TestCases.CheckoutTestCases@19bb07ed]" started-at="2023-01-08T18:09:32 CET" name="Zadaca1" finished-at="2023-01-08T18:09:42 CET" duration-ms="9792" status="PASS">
          <reporter-output>
          </reporter-output>
        </test-method> <!-- Zadaca1 -->
        <test-method is-config="true" signature="afterMethod()[pri:0, instance:TestCases.CheckoutTestCases@19bb07ed]" started-at="2023-01-08T18:09:42 CET" name="afterMethod" finished-at="2023-01-08T18:09:43 CET" duration-ms="1521" status="PASS">
          <reporter-output>
          </reporter-output>
        </test-method> <!-- afterMethod -->
      </class> <!-- TestCases.CheckoutTestCases -->
    </test> <!-- Default test -->
  </suite> <!-- Default suite -->
</testng-results>
